<?xml version="1.0" encoding="UTF-8"?>
<!-- Generated by org.testng.reporters.JUnitReportReporter -->
<testsuite hostname="AGI-LT-1760" name="com.pruthvi.BlazeDemo.BlazeTest" tests="1" failures="0" timestamp="29 Sep 2021 06:42:15 GMT" time="7.046" errors="0">
  <testcase name="TS001" time="7.046" classname="com.pruthvi.BlazeDemo.BlazeTest"/>
</testsuite> <!-- com.pruthvi.BlazeDemo.BlazeTest -->
